<?xml version="1.0" encoding="UTF-8"?>
<con:testCase timeout="0" searchProperties="true" name="Test Driver | Revive account | Regionless" keepSession="false" id="8ec9e1e9-1fa1-4847-ad56-471590ccafc7" failTestCaseOnErrors="true" failOnError="false" discardOkResults="false" xmlns:con="http://eviware.com/soapui/config">
  <con:settings>
    <con:setting id="8ec9e1e9-1fa1-4847-ad56-471590ccafc7fileName">Test-Driver-%7C-Revive-account-%7C-Regionless</con:setting>
  </con:settings>
  <con:savedRecentRuns>1</con:savedRecentRuns>
  <con:testStep type="properties" name=">thePuuid, accessToken" id="6927f918-3ca2-41d6-ac2c-5030679ff613">
    <con:settings/>
    <con:config xsi:type="con:PropertiesStep" saveFirst="true" xmlns:xsi="http://www.w3.org/2001/XMLSchema-instance">
      <con:properties>
        <con:property>
          <con:name>thePuuid</con:name>
          <con:value/>
        </con:property>
        <con:property>
          <con:name>accessToken</con:name>
          <con:value/>
        </con:property>
      </con:properties>
    </con:config>
  </con:testStep>
  <con:testStep type="transfer" name="> transfer puuid0" id="6d817549-6756-4296-9630-91e294b4f63e">
    <con:settings/>
    <con:config xsi:type="con:PropertyTransfersStep" xmlns:xsi="http://www.w3.org/2001/XMLSchema-instance">
      <con:transfers transferTextContent="true" setNullOnMissingSource="true" failOnError="true">
        <con:name>puuid</con:name>
        <con:sourceType xsi:nil="true"/>
        <con:sourceStep xsi:nil="true"/>
        <con:sourcePath>$[0]['puuid']</con:sourcePath>
        <con:targetType xsi:nil="true"/>
        <con:targetStep xsi:nil="true"/>
        <con:targetPath/>
        <con:type>JSONPATH</con:type>
        <con:upgraded>true</con:upgraded>
      </con:transfers>
    </con:config>
  </con:testStep>
  <con:testStep type="transfer" name="> transfer puuid" id="54eae327-350f-4087-a764-09073c71b815">
    <con:settings/>
    <con:config xsi:type="con:PropertyTransfersStep" xmlns:xsi="http://www.w3.org/2001/XMLSchema-instance">
      <con:transfers transferToAll="false" transferTextContent="true" transferChildNodes="false" setNullOnMissingSource="true" ignoreEmpty="false" failOnError="true" entitize="false">
        <con:name>puuid</con:name>
        <con:sourceType xsi:nil="true"/>
        <con:sourceStep xsi:nil="true"/>
        <con:sourcePath>$['puuid']</con:sourcePath>
        <con:targetType>thePuuid</con:targetType>
        <con:targetStep>>thePuuid, accessToken</con:targetStep>
        <con:targetPath/>
        <con:type>JSONPATH</con:type>
        <con:upgraded>true</con:upgraded>
      </con:transfers>
    </con:config>
  </con:testStep>
  <con:testStep type="transfer" name=">transfer access token" id="a2c55f99-8f73-40a3-b71d-e19908aeef10">
    <con:settings/>
    <con:config xsi:type="con:PropertyTransfersStep" xmlns:xsi="http://www.w3.org/2001/XMLSchema-instance">
      <con:transfers transferToAll="false" transferTextContent="true" transferChildNodes="false" setNullOnMissingSource="true" ignoreEmpty="false" failOnError="true" entitize="false">
        <con:name>access_token</con:name>
        <con:sourceType xsi:nil="true"/>
        <con:sourceStep xsi:nil="true"/>
        <con:sourcePath>$['access_token']</con:sourcePath>
        <con:targetType>accessToken</con:targetType>
        <con:targetStep>>thePuuid, accessToken</con:targetStep>
        <con:targetPath/>
        <con:type>JSONPATH</con:type>
        <con:upgraded>true</con:upgraded>
      </con:transfers>
    </con:config>
  </con:testStep>
  <con:properties/>
  <con:reportParameters/>
  <con:breakPoints>
    <con:testStepId>73698acb-ca4d-4925-b942-7fc5ffd50273</con:testStepId>
    <con:status>NONE</con:status>
    <con:properties/>
  </con:breakPoints>
  <con:breakPoints>
    <con:testStepId>1bef5692-0e75-4611-bf65-e33edf53e6ee</con:testStepId>
    <con:status>NONE</con:status>
    <con:properties/>
  </con:breakPoints>
  <con:breakPoints>
    <con:testStepId>aa823b7c-e439-4c59-b565-cab472b8e3d2</con:testStepId>
    <con:status>NONE</con:status>
    <con:properties/>
  </con:breakPoints>
  <con:breakPoints>
    <con:testStepId>598f7639-9492-4ad1-ac85-4545649beab1</con:testStepId>
    <con:status>NONE</con:status>
    <con:properties/>
  </con:breakPoints>
</con:testCase>
