<?xml version="1.0" encoding="UTF-8"?>
<con:testCase timeout="0" searchProperties="true" name="Test Driver | Claims &amp; Userinfo response for a New account created (w/ lol region)" keepSession="false" id="c9cc79f6-2245-4d1f-974f-dad277f52a9a" failTestCaseOnErrors="true" failOnError="false" discardOkResults="false" xmlns:con="http://eviware.com/soapui/config">
  <con:settings>
    <con:setting id="c9cc79f6-2245-4d1f-974f-dad277f52a9afileName">Test-Driver-%7C-Claims-%26-Userinfo-response-for-a-New-account-created-%28w%2F-lol-region%29</con:setting>
  </con:settings>
  <con:savedRecentRuns>1</con:savedRecentRuns>
  <con:testStep type="transfer" name="> transfer puuid" id="0877551f-5d57-457b-a6f6-6dedf8d806f3">
    <con:settings/>
    <con:config xsi:type="con:PropertyTransfersStep" xmlns:xsi="http://www.w3.org/2001/XMLSchema-instance">
      <con:transfers setNullOnMissingSource="true" transferTextContent="true" failOnError="true" ignoreEmpty="false" transferToAll="false" entitize="false" transferChildNodes="false">
        <con:name>puuid</con:name>
        <con:sourceType xsi:nil="true"/>
        <con:sourceStep xsi:nil="true"/>
        <con:sourcePath>$[0]['puuid']</con:sourcePath>
        <con:targetType xsi:nil="true"/>
        <con:targetStep xsi:nil="true"/>
        <con:targetPath/>
        <con:type>JSONPATH</con:type>
        <con:upgraded>true</con:upgraded>
      </con:transfers>
    </con:config>
  </con:testStep>
  <con:testStep type="properties" name="> thePuuid" id="4cea9a62-c082-4531-aeec-2312058a563b">
    <con:settings/>
    <con:config xsi:type="con:PropertiesStep" saveFirst="true" xmlns:xsi="http://www.w3.org/2001/XMLSchema-instance">
      <con:properties>
        <con:property>
          <con:name>thePuuid</con:name>
          <con:value/>
        </con:property>
      </con:properties>
    </con:config>
  </con:testStep>
  <con:testStep type="transfer" name="> transfer > thePuuid" id="f4954d8f-6b23-4770-9f0b-03d67c289003">
    <con:settings/>
    <con:config xsi:type="con:PropertyTransfersStep" xmlns:xsi="http://www.w3.org/2001/XMLSchema-instance">
      <con:transfers transferToAll="false" transferTextContent="true" transferChildNodes="false" setNullOnMissingSource="true" ignoreEmpty="false" failOnError="true" entitize="false">
        <con:name>sub</con:name>
        <con:sourceType xsi:nil="true"/>
        <con:sourceStep xsi:nil="true"/>
        <con:sourcePath>$['account']['sub']</con:sourcePath>
        <con:targetType>thePuuid</con:targetType>
        <con:targetStep>> thePuuid</con:targetStep>
        <con:targetPath/>
        <con:type>JSONPATH</con:type>
        <con:upgraded>true</con:upgraded>
      </con:transfers>
      <con:transfers setNullOnMissingSource="true" transferTextContent="true" failOnError="true">
        <con:name>puuid</con:name>
        <con:sourceType xsi:nil="true"/>
        <con:sourceStep xsi:nil="true"/>
        <con:sourcePath>$['puuid']</con:sourcePath>
        <con:targetType>thePuuid</con:targetType>
        <con:targetStep>> thePuuid</con:targetStep>
        <con:targetPath/>
        <con:type>JSONPATH</con:type>
        <con:upgraded>true</con:upgraded>
      </con:transfers>
    </con:config>
  </con:testStep>
  <con:testStep type="calltestcase" name="Run | Claims test case | For the New account" id="ef9590a6-b7c7-413a-a00f-aaae15c78fdc">
    <con:settings/>
    <con:config xsi:type="con:RunTestCaseStep" xmlns:xsi="http://www.w3.org/2001/XMLSchema-instance">
      <con:targetTestCase>c4d7c597-e9f3-4cbb-9276-fd7f9f5a13b7</con:targetTestCase>
      <con:properties>
        <con:property>
          <con:name>puuid</con:name>
          <con:value>${#thePuuid}</con:value>
        </con:property>
        <con:property>
          <con:name>hasLolRegion</con:name>
          <con:value>true</con:value>
        </con:property>
        <con:property>
          <con:name>hasSummoner</con:name>
          <con:value>false</con:value>
        </con:property>
        <con:property>
          <con:name>numberActiveRegions</con:name>
          <con:value>1</con:value>
        </con:property>
        <con:property>
          <con:name>numberRestrictions</con:name>
          <con:value>0</con:value>
        </con:property>
        <con:property>
          <con:name>numberTotalRegions</con:name>
          <con:value>1</con:value>
        </con:property>
      </con:properties>
      <con:returnProperties/>
      <con:runMode>SINGLETON_AND_WAIT</con:runMode>
    </con:config>
  </con:testStep>
  <con:testStep type="calltestcase" name="Run | Userinfo test case | For the New account" id="e02f19e0-5161-4748-90b9-01ea6fd5f1ff">
    <con:settings/>
    <con:config xsi:type="con:RunTestCaseStep" xmlns:xsi="http://www.w3.org/2001/XMLSchema-instance">
      <con:targetTestCase>8bffa3b3-297d-471e-8a41-934e48f0e474</con:targetTestCase>
      <con:properties>
        <con:property>
          <con:name>username</con:name>
          <con:value>ripautomation${#Project#accountIndex}</con:value>
        </con:property>
        <con:property>
          <con:name>password</con:name>
          <con:value/>
        </con:property>
        <con:property>
          <con:name>hasLolRegion</con:name>
          <con:value>true</con:value>
        </con:property>
        <con:property>
          <con:name>hasSummoner</con:name>
          <con:value>false</con:value>
        </con:property>
        <con:property>
          <con:name>numberActiveRegions</con:name>
          <con:value>1</con:value>
        </con:property>
        <con:property>
          <con:name>numberRestrictions</con:name>
          <con:value>0</con:value>
        </con:property>
        <con:property>
          <con:name>numberTotalRegions</con:name>
          <con:value>1</con:value>
        </con:property>
      </con:properties>
      <con:returnProperties/>
      <con:runMode>SINGLETON_AND_WAIT</con:runMode>
    </con:config>
  </con:testStep>
  <con:properties/>
  <con:reportParameters/>
  <con:breakPoints>
    <con:testStepId>7ca72a09-8c51-40a9-9fac-23b3e1741449</con:testStepId>
    <con:status>NONE</con:status>
    <con:properties/>
  </con:breakPoints>
  <con:breakPoints>
    <con:testStepId>e17ae672-8925-49cc-bed1-95a88b223976</con:testStepId>
    <con:status>NONE</con:status>
    <con:properties/>
  </con:breakPoints>
  <con:breakPoints>
    <con:testStepId>8c3dc9a3-1010-45f1-87bc-96b21d8561bc</con:testStepId>
    <con:status>NONE</con:status>
    <con:properties/>
  </con:breakPoints>
  <con:breakPoints>
    <con:testStepId>737cc186-b290-4fc0-9c84-5cdbd1263e81</con:testStepId>
    <con:status>NONE</con:status>
    <con:properties/>
  </con:breakPoints>
  <con:breakPoints>
    <con:testStepId>f019e27f-7906-4450-85ce-a36230a08df4</con:testStepId>
    <con:status>NONE</con:status>
    <con:properties/>
  </con:breakPoints>
  <con:breakPoints>
    <con:testStepId>71b5ee28-e29f-4590-a1a4-c3cee353160d</con:testStepId>
    <con:status>NONE</con:status>
    <con:properties/>
  </con:breakPoints>
  <con:breakPoints>
    <con:testStepId>2c3f364a-e2e9-4db3-8ef4-0aab429c0723</con:testStepId>
    <con:status>NONE</con:status>
    <con:properties/>
  </con:breakPoints>
  <con:breakPoints>
    <con:testStepId>05a34449-d56c-4fcf-a67a-0de2ac20b65d</con:testStepId>
    <con:status>NONE</con:status>
    <con:properties/>
  </con:breakPoints>
  <con:breakPoints>
    <con:testStepId>4fc5d8aa-61a5-4d19-817e-f2ea9a50ae6e</con:testStepId>
    <con:status>NONE</con:status>
    <con:properties/>
  </con:breakPoints>
  <con:breakPoints>
    <con:testStepId>0ea4e210-6f3e-4b97-9fa0-3b4191fe3104</con:testStepId>
    <con:status>NONE</con:status>
    <con:properties/>
  </con:breakPoints>
  <con:breakPoints>
    <con:testStepId>eb2f0215-41b2-4a13-b9e4-6e60041f0769</con:testStepId>
    <con:status>NONE</con:status>
    <con:properties/>
  </con:breakPoints>
  <con:breakPoints>
    <con:testStepId>f03d8636-4113-4afd-be10-25ed06adfd0a</con:testStepId>
    <con:status>NONE</con:status>
    <con:properties/>
  </con:breakPoints>
  <con:environmentSpec>
    <con:entry environmentId="b407e352-14e8-440f-bf25-abe254c02b61">
      <con:authProfile>Inherit From Parent</con:authProfile>
    </con:entry>
    <con:entry environmentId="cd04cfb9-4faf-4b69-9ec6-24af2181f7ae">
      <con:authProfile>Inherit From Parent</con:authProfile>
    </con:entry>
  </con:environmentSpec>
</con:testCase>
