<?xml version="1.0" encoding="UTF-8"?>
<con:testCase timeout="0" searchProperties="true" name="Test Driver | Account w/ full data set" keepSession="false" id="ca50a779-2861-4201-95ed-6be79ed8a434" failTestCaseOnErrors="true" failOnError="false" discardOkResults="false" xmlns:con="http://eviware.com/soapui/config">
  <con:settings>
    <con:setting id="ca50a779-2861-4201-95ed-6be79ed8a434fileName">Test-Driver-%7C-Account-w%2F-full-data-set</con:setting>
  </con:settings>
  <con:savedRecentRuns>1</con:savedRecentRuns>
  <con:testStep type="calltestcase" name="Run | Provider test | Full account" id="b1a7ef08-1712-497b-b851-abb747d8a0a8">
    <con:settings/>
    <con:config xsi:type="con:RunTestCaseStep" xmlns:xsi="http://www.w3.org/2001/XMLSchema-instance">
      <con:targetTestCase>3322632f-9cf6-4a5b-a532-452dc8065584</con:targetTestCase>
      <con:properties>
        <con:property>
          <con:name>region</con:name>
          <con:value>${#Project#srcRegion}</con:value>
        </con:property>
        <con:property>
          <con:name>password</con:name>
          <con:value>${#Project#password}</con:value>
        </con:property>
        <con:property>
          <con:name>username</con:name>
          <con:value>${#Project#username}</con:value>
        </con:property>
      </con:properties>
      <con:returnProperties/>
      <con:runMode>SINGLETON_AND_WAIT</con:runMode>
    </con:config>
  </con:testStep>
  <con:properties/>
  <con:reportParameters/>
  <con:breakPoints>
    <con:testStepId>f03d8636-4113-4afd-be10-25ed06adfd0a</con:testStepId>
    <con:status>NONE</con:status>
    <con:properties/>
  </con:breakPoints>
  <con:breakPoints>
    <con:testStepId>eb2f0215-41b2-4a13-b9e4-6e60041f0769</con:testStepId>
    <con:status>NONE</con:status>
    <con:properties/>
  </con:breakPoints>
  <con:breakPoints>
    <con:testStepId>0ea4e210-6f3e-4b97-9fa0-3b4191fe3104</con:testStepId>
    <con:status>NONE</con:status>
    <con:properties/>
  </con:breakPoints>
  <con:breakPoints>
    <con:testStepId>4fc5d8aa-61a5-4d19-817e-f2ea9a50ae6e</con:testStepId>
    <con:status>NONE</con:status>
    <con:properties/>
  </con:breakPoints>
  <con:breakPoints>
    <con:testStepId>05a34449-d56c-4fcf-a67a-0de2ac20b65d</con:testStepId>
    <con:status>NONE</con:status>
    <con:properties/>
  </con:breakPoints>
  <con:breakPoints>
    <con:testStepId>2c3f364a-e2e9-4db3-8ef4-0aab429c0723</con:testStepId>
    <con:status>NONE</con:status>
    <con:properties/>
  </con:breakPoints>
  <con:breakPoints>
    <con:testStepId>71b5ee28-e29f-4590-a1a4-c3cee353160d</con:testStepId>
    <con:status>NONE</con:status>
    <con:properties/>
  </con:breakPoints>
  <con:breakPoints>
    <con:testStepId>f019e27f-7906-4450-85ce-a36230a08df4</con:testStepId>
    <con:status>NONE</con:status>
    <con:properties/>
  </con:breakPoints>
  <con:breakPoints>
    <con:testStepId>737cc186-b290-4fc0-9c84-5cdbd1263e81</con:testStepId>
    <con:status>NONE</con:status>
    <con:properties/>
  </con:breakPoints>
  <con:breakPoints>
    <con:testStepId>8c3dc9a3-1010-45f1-87bc-96b21d8561bc</con:testStepId>
    <con:status>NONE</con:status>
    <con:properties/>
  </con:breakPoints>
  <con:breakPoints>
    <con:testStepId>e17ae672-8925-49cc-bed1-95a88b223976</con:testStepId>
    <con:status>NONE</con:status>
    <con:properties/>
  </con:breakPoints>
  <con:breakPoints>
    <con:testStepId>7ca72a09-8c51-40a9-9fac-23b3e1741449</con:testStepId>
    <con:status>NONE</con:status>
    <con:properties/>
  </con:breakPoints>
  <con:environmentSpec>
    <con:entry environmentId="cd04cfb9-4faf-4b69-9ec6-24af2181f7ae">
      <con:authProfile>Inherit From Parent</con:authProfile>
    </con:entry>
    <con:entry environmentId="b407e352-14e8-440f-bf25-abe254c02b61">
      <con:authProfile>Inherit From Parent</con:authProfile>
    </con:entry>
  </con:environmentSpec>
</con:testCase>
