<?xml version="1.0" encoding="UTF-8"?>
<con:testCase timeout="0" searchProperties="true" name="Test Driver | New account (w/ lol region)" keepSession="false" id="c2f0f55f-f4ed-4e7d-81ea-e441ced109a5" failTestCaseOnErrors="true" failOnError="false" discardOkResults="false" xmlns:con="http://eviware.com/soapui/config">
  <con:settings>
    <con:setting id="c2f0f55f-f4ed-4e7d-81ea-e441ced109a5fileName">Test-Driver-%7C-New-account-%28w%2F-lol-region%29</con:setting>
  </con:settings>
  <con:savedRecentRuns>1</con:savedRecentRuns>
  <con:testStep type="calltestcase" name="Run | Provider test | New account" id="33172874-cc4c-4a88-ba8f-ce6e13bdccc1">
    <con:settings/>
    <con:config xsi:type="con:RunTestCaseStep" xmlns:xsi="http://www.w3.org/2001/XMLSchema-instance">
      <con:targetTestCase>3322632f-9cf6-4a5b-a532-452dc8065584</con:targetTestCase>
      <con:properties>
        <con:property>
          <con:name>region</con:name>
          <con:value>${#TestSuite#testRegion1}</con:value>
        </con:property>
        <con:property>
          <con:name>password</con:name>
          <con:value>zxasqw12!@</con:value>
        </con:property>
        <con:property>
          <con:name>username</con:name>
          <con:value>ripautomation${#Project#accountIndex}</con:value>
        </con:property>
      </con:properties>
      <con:returnProperties/>
      <con:runMode>SINGLETON_AND_WAIT</con:runMode>
    </con:config>
  </con:testStep>
  <con:testStep type="transfer" name="> transfer > thePuuid" id="b3ac19e5-c71a-401b-9439-dc36ea81e3ef">
    <con:settings/>
    <con:config xsi:type="con:PropertyTransfersStep" xmlns:xsi="http://www.w3.org/2001/XMLSchema-instance">
      <con:transfers transferToAll="false" transferTextContent="true" transferChildNodes="false" setNullOnMissingSource="true" ignoreEmpty="false" failOnError="true" entitize="false" disabled="true">
        <con:name>sub</con:name>
        <con:sourceType/>
        <con:sourceStep/>
        <con:sourcePath>$['account']['sub']</con:sourcePath>
        <con:targetType>thePuuid</con:targetType>
        <con:targetStep>> thePuuid</con:targetStep>
        <con:targetPath/>
        <con:type>JSONPATH</con:type>
        <con:upgraded>true</con:upgraded>
      </con:transfers>
    </con:config>
  </con:testStep>
  <con:testStep type="properties" name="> thePuuid" id="b8536021-c3fe-4dec-899f-eb7ba090de0a">
    <con:settings/>
    <con:config xsi:type="con:PropertiesStep" saveFirst="true" xmlns:xsi="http://www.w3.org/2001/XMLSchema-instance">
      <con:properties>
        <con:property>
          <con:name>thePuuid</con:name>
          <con:value>4878b784-1182-5b6e-850e-8fd160b5cdae</con:value>
        </con:property>
      </con:properties>
    </con:config>
  </con:testStep>
  <con:properties/>
  <con:reportParameters/>
  <con:breakPoints>
    <con:testStepId>2f72abaa-efe2-4c65-b53c-36fa7c4ee867</con:testStepId>
    <con:status>NONE</con:status>
    <con:properties/>
  </con:breakPoints>
  <con:breakPoints>
    <con:testStepId>f03d8636-4113-4afd-be10-25ed06adfd0a</con:testStepId>
    <con:status>NONE</con:status>
    <con:properties/>
  </con:breakPoints>
  <con:breakPoints>
    <con:testStepId>eb2f0215-41b2-4a13-b9e4-6e60041f0769</con:testStepId>
    <con:status>NONE</con:status>
    <con:properties/>
  </con:breakPoints>
  <con:breakPoints>
    <con:testStepId>0ea4e210-6f3e-4b97-9fa0-3b4191fe3104</con:testStepId>
    <con:status>NONE</con:status>
    <con:properties/>
  </con:breakPoints>
  <con:breakPoints>
    <con:testStepId>4fc5d8aa-61a5-4d19-817e-f2ea9a50ae6e</con:testStepId>
    <con:status>NONE</con:status>
    <con:properties/>
  </con:breakPoints>
  <con:breakPoints>
    <con:testStepId>05a34449-d56c-4fcf-a67a-0de2ac20b65d</con:testStepId>
    <con:status>NONE</con:status>
    <con:properties/>
  </con:breakPoints>
  <con:breakPoints>
    <con:testStepId>2c3f364a-e2e9-4db3-8ef4-0aab429c0723</con:testStepId>
    <con:status>NONE</con:status>
    <con:properties/>
  </con:breakPoints>
  <con:breakPoints>
    <con:testStepId>71b5ee28-e29f-4590-a1a4-c3cee353160d</con:testStepId>
    <con:status>NONE</con:status>
    <con:properties/>
  </con:breakPoints>
  <con:breakPoints>
    <con:testStepId>f019e27f-7906-4450-85ce-a36230a08df4</con:testStepId>
    <con:status>NONE</con:status>
    <con:properties/>
  </con:breakPoints>
  <con:breakPoints>
    <con:testStepId>737cc186-b290-4fc0-9c84-5cdbd1263e81</con:testStepId>
    <con:status>NONE</con:status>
    <con:properties/>
  </con:breakPoints>
  <con:breakPoints>
    <con:testStepId>8c3dc9a3-1010-45f1-87bc-96b21d8561bc</con:testStepId>
    <con:status>NONE</con:status>
    <con:properties/>
  </con:breakPoints>
  <con:breakPoints>
    <con:testStepId>e17ae672-8925-49cc-bed1-95a88b223976</con:testStepId>
    <con:status>NONE</con:status>
    <con:properties/>
  </con:breakPoints>
  <con:breakPoints>
    <con:testStepId>7ca72a09-8c51-40a9-9fac-23b3e1741449</con:testStepId>
    <con:status>NONE</con:status>
    <con:properties/>
  </con:breakPoints>
  <con:environmentSpec>
    <con:entry environmentId="cd04cfb9-4faf-4b69-9ec6-24af2181f7ae">
      <con:authProfile>Inherit From Parent</con:authProfile>
    </con:entry>
    <con:entry environmentId="b407e352-14e8-440f-bf25-abe254c02b61">
      <con:authProfile>Inherit From Parent</con:authProfile>
    </con:entry>
  </con:environmentSpec>
</con:testCase>
